<?xml version="1.0" encoding="UTF-8"?>
<!-- Generated by org.testng.reporters.JUnitReportReporter -->
<testsuite hostname="DESKTOP-49FEGJC" failures="0" tests="1" name="QAacademy.ValidationTitle" time="0.570" errors="0" timestamp="17 Jun 2021 12:36:47 GMT">
  <testcase classname="QAacademy.ValidationTitle" name="titleValidation" time="0.570"/>
</testsuite> <!-- QAacademy.ValidationTitle -->
