<?xml version="1.0" encoding="UTF-8"?>
<!-- Generated by org.testng.reporters.JUnitReportReporter -->
<testsuite hostname="DESKTOP-49FEGJC" failures="0" tests="2" name="QAacademy.ValidationTest" time="36.532" errors="0" timestamp="18 Jun 2021 18:42:15 GMT">
  <testcase classname="QAacademy.ValidationTest" name="homepagenavigation" time="18.683"/>
  <testcase classname="QAacademy.ValidationTest" name="homepagenavigation" time="17.849"/>
</testsuite> <!-- QAacademy.ValidationTest -->
